======================================================================
$ blade create systemd stop -h
======================================================================
Stop system by service name

Usage:
  blade create systemd stop

Aliases:
  stop, s

Examples:

 # Stop the service test
 blade create systemd stop --service test

Flags:
      --blade-release string     Blade release package，use this flag when the channel is ssh
      --channel string           Select the channel for execution, and you can now select SSH
  -h, --help                     help for stop
      --ignore-not-found         Ignore systemd that cannot be found
      --install-path string      install path default /opt/chaosblade，use this flag when the channel is ssh
      --override-blade-release   Override blade release，use this flag when the channel is ssh
      --service string           Service name
      --ssh-host string          Use this flag when the channel is ssh
      --ssh-key string           Use this flag when the channel is ssh
      --ssh-key-passphrase       Use this flag when the channel is ssh
      --ssh-port string          Use this flag when the channel is ssh
      --ssh-user string          Use this flag when the channel is ssh
      --timeout string           set timeout for experiment

Global Flags:
  -a, --async             whether to create asynchronously, default is false
  -d, --debug             Set client to DEBUG mode
  -e, --endpoint string   the create result reporting address. It takes effect only when the async value is true and the value is not empty
  -n, --nohup             used to internal async create, no need to config
      --uid string        Set Uid for the experiment, adapt to docker and cri



