======================================================================
$ blade create time travel -h
======================================================================
Modify system time to fake processes

Usage:
  blade create time travel

Aliases:
  travel, k

Examples:

# Time travel 5 minutes and 30 seconds into the future
blade create time travel --offset 5m30s


Flags:
      --blade-release string     Blade release package，use this flag when the channel is ssh
      --channel string           Select the channel for execution, and you can now select SSH
      --disableNtp string        Whether to disable Network Time Protocol to synchronize time
  -h, --help                     help for travel
      --install-path string      install path default /opt/chaosblade，use this flag when the channel is ssh
      --offset string            Travel time offset, for example: -2h3m50s
      --override-blade-release   Override blade release，use this flag when the channel is ssh
      --ssh-host string          Use this flag when the channel is ssh
      --ssh-key string           Use this flag when the channel is ssh
      --ssh-key-passphrase       Use this flag when the channel is ssh
      --ssh-port string          Use this flag when the channel is ssh
      --ssh-user string          Use this flag when the channel is ssh
      --timeout string           set timeout for experiment

Global Flags:
  -a, --async             whether to create asynchronously, default is false
  -d, --debug             Set client to DEBUG mode
  -e, --endpoint string   the create result reporting address. It takes effect only when the async value is true and the value is not empty
  -n, --nohup             used to internal async create, no need to config
      --uid string        Set Uid for the experiment, adapt to docker and cri



