2025-09-19 11:19:52,659 - __main__ - INFO - Chaos timeline execution completed for plan: single_cpu_stress
2025-09-19 11:25:22,891 - __main__ - INFO - Workload timeline execution completed for plan: light_background
2025-09-19 11:25:31,037 - __main__ - INFO - Chaos timeline execution completed for plan: single_cpu_stress
2025-09-19 11:27:39,925 - __main__ - INFO - Workload timeline execution completed for plan: light_background
2025-09-19 11:27:45,893 - __main__ - INFO - Chaos timeline execution completed for plan: single_cpu_stress
2025-09-19 11:32:49,687 - __main__ - INFO - Workload timeline execution completed for plan: light_background
2025-09-19 11:32:53,969 - __main__ - INFO - Chaos timeline execution completed for plan: single_cpu_stress
2025-09-19 17:55:31,296 - __main__ - INFO - Workload timeline execution completed for plan: formaltest
2025-09-19 18:38:32,668 - __main__ - INFO - Workload timeline execution completed for plan: formaltest
2025-09-19 19:24:58,372 - __main__ - INFO - Workload timeline execution completed for plan: formaltest
2025-09-19 20:24:15,077 - __main__ - INFO - Workload timeline execution completed for plan: formaltest
2025-09-19 21:18:15,612 - __main__ - INFO - Chaos timeline execution completed for plan: formaltest
2025-09-19 22:16:16,060 - __main__ - INFO - Workload timeline execution completed for plan: formaltest
2025-09-19 22:17:16,541 - __main__ - INFO - Chaos timeline execution completed for plan: formaltest
2025-09-19 22:24:40,092 - __main__ - INFO - Workload timeline execution completed for plan: formaltest
2025-09-19 22:25:40,516 - __main__ - INFO - Chaos timeline execution completed for plan: formaltest
2025-09-19 22:29:34,596 - __main__ - INFO - Workload timeline execution completed for plan: formaltest
2025-09-19 22:30:35,090 - __main__ - INFO - Chaos timeline execution completed for plan: formaltest
2025-09-19 22:32:48,322 - __main__ - INFO - Workload timeline execution completed for plan: formaltest
2025-09-19 22:33:48,864 - __main__ - INFO - Chaos timeline execution completed for plan: formaltest
2025-09-19 22:39:08,672 - __main__ - INFO - Workload timeline execution completed for plan: formaltest
2025-09-19 23:33:36,435 - __main__ - INFO - Chaos timeline execution completed for plan: formaltest
2025-09-19 23:55:02,180 - __main__ - INFO - Workload timeline execution completed for plan: formaltest
2025-09-20 07:02:13,214 - __main__ - INFO - Workload timeline execution completed for plan: formaltest
2025-09-20 07:56:51,225 - __main__ - INFO - Chaos timeline execution completed for plan: formaltest
2025-09-22 23:16:10,795 - __main__ - INFO - Workload timeline execution completed for plan: formaltest
2025-09-22 23:30:19,030 - __main__ - INFO - Chaos timeline execution completed for plan: composite_faults
